{"total": {"lines":{"total":9672,"covered":8526,"skipped":0,"pct":88.15},"statements":{"total":9672,"covered":8526,"skipped":0,"pct":88.15},"functions":{"total":475,"covered":372,"skipped":0,"pct":78.31},"branches":{"total":1641,"covered":1308,"skipped":0,"pct":79.7},"branchesTrue":{"total":0,"covered":0,"skipped":0,"pct":100}}
,"/home/runner/work/saasquatch/saasquatch/src/components/AddOnDialog.tsx": {"lines":{"total":275,"covered":256,"skipped":0,"pct":93.09},"functions":{"total":10,"covered":7,"skipped":0,"pct":70},"statements":{"total":275,"covered":256,"skipped":0,"pct":93.09},"branches":{"total":48,"covered":35,"skipped":0,"pct":72.91}}
,"/home/runner/work/saasquatch/saasquatch/src/components/ArticleDialog.tsx": {"lines":{"total":187,"covered":164,"skipped":0,"pct":87.7},"functions":{"total":12,"covered":11,"skipped":0,"pct":91.66},"statements":{"total":187,"covered":164,"skipped":0,"pct":87.7},"branches":{"total":43,"covered":34,"skipped":0,"pct":79.06}}
,"/home/runner/work/saasquatch/saasquatch/src/components/AuditLog.tsx": {"lines":{"total":101,"covered":97,"skipped":0,"pct":96.03},"functions":{"total":5,"covered":5,"skipped":0,"pct":100},"statements":{"total":101,"covered":97,"skipped":0,"pct":96.03},"branches":{"total":29,"covered":28,"skipped":0,"pct":96.55}}
,"/home/runner/work/saasquatch/saasquatch/src/components/CRMActivityTimeline.tsx": {"lines":{"total":74,"covered":74,"skipped":0,"pct":100},"functions":{"total":2,"covered":2,"skipped":0,"pct":100},"statements":{"total":74,"covered":74,"skipped":0,"pct":100},"branches":{"total":12,"covered":12,"skipped":0,"pct":100}}
,"/home/runner/work/saasquatch/saasquatch/src/components/CRMBulkActions.tsx": {"lines":{"total":59,"covered":59,"skipped":0,"pct":100},"functions":{"total":1,"covered":1,"skipped":0,"pct":100},"statements":{"total":59,"covered":59,"skipped":0,"pct":100},"branches":{"total":5,"covered":5,"skipped":0,"pct":100}}
,"/home/runner/work/saasquatch/saasquatch/src/components/CRMContactsList.tsx": {"lines":{"total":287,"covered":245,"skipped":0,"pct":85.36},"functions":{"total":22,"covered":14,"skipped":0,"pct":63.63},"statements":{"total":287,"covered":245,"skipped":0,"pct":85.36},"branches":{"total":39,"covered":29,"skipped":0,"pct":74.35}}
,"/home/runner/work/saasquatch/saasquatch/src/components/CRMCustomerTable.tsx": {"lines":{"total":370,"covered":332,"skipped":0,"pct":89.72},"functions":{"total":28,"covered":24,"skipped":0,"pct":85.71},"statements":{"total":370,"covered":332,"skipped":0,"pct":89.72},"branches":{"total":66,"covered":55,"skipped":0,"pct":83.33}}
,"/home/runner/work/saasquatch/saasquatch/src/components/CRMFilters.tsx": {"lines":{"total":95,"covered":89,"skipped":0,"pct":93.68},"functions":{"total":6,"covered":3,"skipped":0,"pct":50},"statements":{"total":95,"covered":89,"skipped":0,"pct":93.68},"branches":{"total":8,"covered":8,"skipped":0,"pct":100}}
,"/home/runner/work/saasquatch/saasquatch/src/components/CRMSegments.tsx": {"lines":{"total":28,"covered":28,"skipped":0,"pct":100},"functions":{"total":2,"covered":2,"skipped":0,"pct":100},"statements":{"total":28,"covered":28,"skipped":0,"pct":100},"branches":{"total":7,"covered":7,"skipped":0,"pct":100}}
,"/home/runner/work/saasquatch/saasquatch/src/components/CouponTable.tsx": {"lines":{"total":236,"covered":214,"skipped":0,"pct":90.67},"functions":{"total":19,"covered":13,"skipped":0,"pct":68.42},"statements":{"total":236,"covered":214,"skipped":0,"pct":90.67},"branches":{"total":39,"covered":24,"skipped":0,"pct":61.53}}
,"/home/runner/work/saasquatch/saasquatch/src/components/CreateContactDialog.tsx": {"lines":{"total":289,"covered":269,"skipped":0,"pct":93.07},"functions":{"total":12,"covered":12,"skipped":0,"pct":100},"statements":{"total":289,"covered":269,"skipped":0,"pct":93.07},"branches":{"total":73,"covered":59,"skipped":0,"pct":80.82}}
,"/home/runner/work/saasquatch/saasquatch/src/components/CreateCouponDialog.tsx": {"lines":{"total":323,"covered":209,"skipped":0,"pct":64.7},"functions":{"total":15,"covered":12,"skipped":0,"pct":80},"statements":{"total":323,"covered":209,"skipped":0,"pct":64.7},"branches":{"total":48,"covered":19,"skipped":0,"pct":39.58}}
,"/home/runner/work/saasquatch/saasquatch/src/components/CreateCustomerDialog.tsx": {"lines":{"total":467,"covered":442,"skipped":0,"pct":94.64},"functions":{"total":18,"covered":15,"skipped":0,"pct":83.33},"statements":{"total":467,"covered":442,"skipped":0,"pct":94.64},"branches":{"total":114,"covered":88,"skipped":0,"pct":77.19}}
,"/home/runner/work/saasquatch/saasquatch/src/components/CreateDealDialog.tsx": {"lines":{"total":426,"covered":351,"skipped":0,"pct":82.39},"functions":{"total":20,"covered":15,"skipped":0,"pct":75},"statements":{"total":426,"covered":351,"skipped":0,"pct":82.39},"branches":{"total":81,"covered":63,"skipped":0,"pct":77.77}}
,"/home/runner/work/saasquatch/saasquatch/src/components/CreateProductDialog.tsx": {"lines":{"total":154,"covered":134,"skipped":0,"pct":87.01},"functions":{"total":9,"covered":9,"skipped":0,"pct":100},"statements":{"total":154,"covered":134,"skipped":0,"pct":87.01},"branches":{"total":36,"covered":29,"skipped":0,"pct":80.55}}
,"/home/runner/work/saasquatch/saasquatch/src/components/CreateStandaloneInvoiceDialog.tsx": {"lines":{"total":297,"covered":291,"skipped":0,"pct":97.97},"functions":{"total":16,"covered":13,"skipped":0,"pct":81.25},"statements":{"total":297,"covered":291,"skipped":0,"pct":97.97},"branches":{"total":43,"covered":37,"skipped":0,"pct":86.04}}
,"/home/runner/work/saasquatch/saasquatch/src/components/CreateSubscriptionDialog.tsx": {"lines":{"total":288,"covered":225,"skipped":0,"pct":78.12},"functions":{"total":10,"covered":7,"skipped":0,"pct":70},"statements":{"total":288,"covered":225,"skipped":0,"pct":78.12},"branches":{"total":51,"covered":36,"skipped":0,"pct":70.58}}
,"/home/runner/work/saasquatch/saasquatch/src/components/CreateTicketDialog.tsx": {"lines":{"total":325,"covered":318,"skipped":0,"pct":97.84},"functions":{"total":18,"covered":18,"skipped":0,"pct":100},"statements":{"total":325,"covered":318,"skipped":0,"pct":97.84},"branches":{"total":79,"covered":70,"skipped":0,"pct":88.6}}
,"/home/runner/work/saasquatch/saasquatch/src/components/DealCard.tsx": {"lines":{"total":97,"covered":96,"skipped":0,"pct":98.96},"functions":{"total":3,"covered":3,"skipped":0,"pct":100},"statements":{"total":97,"covered":96,"skipped":0,"pct":98.96},"branches":{"total":13,"covered":11,"skipped":0,"pct":84.61}}
,"/home/runner/work/saasquatch/saasquatch/src/components/Header.tsx": {"lines":{"total":151,"covered":122,"skipped":0,"pct":80.79},"functions":{"total":12,"covered":3,"skipped":0,"pct":25},"statements":{"total":151,"covered":122,"skipped":0,"pct":80.79},"branches":{"total":7,"covered":5,"skipped":0,"pct":71.42}}
,"/home/runner/work/saasquatch/saasquatch/src/components/InvoiceDetailDialog.tsx": {"lines":{"total":206,"covered":199,"skipped":0,"pct":96.6},"functions":{"total":7,"covered":6,"skipped":0,"pct":85.71},"statements":{"total":206,"covered":199,"skipped":0,"pct":96.6},"branches":{"total":21,"covered":19,"skipped":0,"pct":90.47}}
,"/home/runner/work/saasquatch/saasquatch/src/components/InvoiceList.tsx": {"lines":{"total":201,"covered":201,"skipped":0,"pct":100},"functions":{"total":9,"covered":6,"skipped":0,"pct":66.66},"statements":{"total":201,"covered":201,"skipped":0,"pct":100},"branches":{"total":17,"covered":17,"skipped":0,"pct":100}}
,"/home/runner/work/saasquatch/saasquatch/src/components/MarketingHeader.tsx": {"lines":{"total":27,"covered":27,"skipped":0,"pct":100},"functions":{"total":1,"covered":1,"skipped":0,"pct":100},"statements":{"total":27,"covered":27,"skipped":0,"pct":100},"branches":{"total":1,"covered":1,"skipped":0,"pct":100}}
,"/home/runner/work/saasquatch/saasquatch/src/components/MarketingSidebar.tsx": {"lines":{"total":173,"covered":160,"skipped":0,"pct":92.48},"functions":{"total":8,"covered":4,"skipped":0,"pct":50},"statements":{"total":173,"covered":160,"skipped":0,"pct":92.48},"branches":{"total":20,"covered":13,"skipped":0,"pct":65}}
,"/home/runner/work/saasquatch/saasquatch/src/components/MemberHeader.tsx": {"lines":{"total":162,"covered":162,"skipped":0,"pct":100},"functions":{"total":5,"covered":5,"skipped":0,"pct":100},"statements":{"total":162,"covered":162,"skipped":0,"pct":100},"branches":{"total":25,"covered":25,"skipped":0,"pct":100}}
,"/home/runner/work/saasquatch/saasquatch/src/components/OrganizationCustomProperties.tsx": {"lines":{"total":158,"covered":151,"skipped":0,"pct":95.56},"functions":{"total":14,"covered":14,"skipped":0,"pct":100},"statements":{"total":158,"covered":151,"skipped":0,"pct":95.56},"branches":{"total":40,"covered":35,"skipped":0,"pct":87.5}}
,"/home/runner/work/saasquatch/saasquatch/src/components/OrganizationHeader.tsx": {"lines":{"total":125,"covered":122,"skipped":0,"pct":97.6},"functions":{"total":3,"covered":3,"skipped":0,"pct":100},"statements":{"total":125,"covered":122,"skipped":0,"pct":97.6},"branches":{"total":26,"covered":22,"skipped":0,"pct":84.61}}
,"/home/runner/work/saasquatch/saasquatch/src/components/OrganizationInvoiceHistory.tsx": {"lines":{"total":384,"covered":329,"skipped":0,"pct":85.67},"functions":{"total":20,"covered":17,"skipped":0,"pct":85},"statements":{"total":384,"covered":329,"skipped":0,"pct":85.67},"branches":{"total":86,"covered":67,"skipped":0,"pct":77.9}}
,"/home/runner/work/saasquatch/saasquatch/src/components/OrganizationMetrics.tsx": {"lines":{"total":56,"covered":56,"skipped":0,"pct":100},"functions":{"total":1,"covered":1,"skipped":0,"pct":100},"statements":{"total":56,"covered":56,"skipped":0,"pct":100},"branches":{"total":2,"covered":2,"skipped":0,"pct":100}}
,"/home/runner/work/saasquatch/saasquatch/src/components/OrganizationSupportHeader.tsx": {"lines":{"total":98,"covered":98,"skipped":0,"pct":100},"functions":{"total":1,"covered":1,"skipped":0,"pct":100},"statements":{"total":98,"covered":98,"skipped":0,"pct":100},"branches":{"total":14,"covered":13,"skipped":0,"pct":92.85}}
,"/home/runner/work/saasquatch/saasquatch/src/components/OrganizationSupportMetrics.tsx": {"lines":{"total":65,"covered":65,"skipped":0,"pct":100},"functions":{"total":1,"covered":1,"skipped":0,"pct":100},"statements":{"total":65,"covered":65,"skipped":0,"pct":100},"branches":{"total":2,"covered":2,"skipped":0,"pct":100}}
,"/home/runner/work/saasquatch/saasquatch/src/components/OrganizationTicketHistory.tsx": {"lines":{"total":192,"covered":191,"skipped":0,"pct":99.47},"functions":{"total":11,"covered":9,"skipped":0,"pct":81.81},"statements":{"total":192,"covered":191,"skipped":0,"pct":99.47},"branches":{"total":25,"covered":23,"skipped":0,"pct":92}}
,"/home/runner/work/saasquatch/saasquatch/src/components/PipelineColumn.tsx": {"lines":{"total":66,"covered":66,"skipped":0,"pct":100},"functions":{"total":2,"covered":2,"skipped":0,"pct":100},"statements":{"total":66,"covered":66,"skipped":0,"pct":100},"branches":{"total":11,"covered":9,"skipped":0,"pct":81.81}}
,"/home/runner/work/saasquatch/saasquatch/src/components/PipelineFunnelChart.tsx": {"lines":{"total":18,"covered":18,"skipped":0,"pct":100},"functions":{"total":1,"covered":1,"skipped":0,"pct":100},"statements":{"total":18,"covered":18,"skipped":0,"pct":100},"branches":{"total":2,"covered":2,"skipped":0,"pct":100}}
,"/home/runner/work/saasquatch/saasquatch/src/components/PipelineKanban.tsx": {"lines":{"total":298,"covered":175,"skipped":0,"pct":58.72},"functions":{"total":7,"covered":4,"skipped":0,"pct":57.14},"statements":{"total":298,"covered":175,"skipped":0,"pct":58.72},"branches":{"total":41,"covered":36,"skipped":0,"pct":87.8}}
,"/home/runner/work/saasquatch/saasquatch/src/components/PlaybookDialog.tsx": {"lines":{"total":303,"covered":208,"skipped":0,"pct":68.64},"functions":{"total":20,"covered":16,"skipped":0,"pct":80},"statements":{"total":303,"covered":208,"skipped":0,"pct":68.64},"branches":{"total":57,"covered":45,"skipped":0,"pct":78.94}}
,"/home/runner/work/saasquatch/saasquatch/src/components/ProductCard.tsx": {"lines":{"total":184,"covered":172,"skipped":0,"pct":93.47},"functions":{"total":12,"covered":8,"skipped":0,"pct":66.66},"statements":{"total":184,"covered":172,"skipped":0,"pct":93.47},"branches":{"total":29,"covered":18,"skipped":0,"pct":62.06}}
,"/home/runner/work/saasquatch/saasquatch/src/components/ProductPlanDialog.tsx": {"lines":{"total":561,"covered":448,"skipped":0,"pct":79.85},"functions":{"total":32,"covered":21,"skipped":0,"pct":65.62},"statements":{"total":561,"covered":448,"skipped":0,"pct":79.85},"branches":{"total":110,"covered":96,"skipped":0,"pct":87.27}}
,"/home/runner/work/saasquatch/saasquatch/src/components/ProductTierCard.tsx": {"lines":{"total":74,"covered":74,"skipped":0,"pct":100},"functions":{"total":4,"covered":4,"skipped":0,"pct":100},"statements":{"total":74,"covered":74,"skipped":0,"pct":100},"branches":{"total":15,"covered":14,"skipped":0,"pct":93.33}}
,"/home/runner/work/saasquatch/saasquatch/src/components/RevenueGrowthChart.tsx": {"lines":{"total":47,"covered":47,"skipped":0,"pct":100},"functions":{"total":3,"covered":1,"skipped":0,"pct":33.33},"statements":{"total":47,"covered":47,"skipped":0,"pct":100},"branches":{"total":1,"covered":1,"skipped":0,"pct":100}}
,"/home/runner/work/saasquatch/saasquatch/src/components/SalesHeader.tsx": {"lines":{"total":27,"covered":27,"skipped":0,"pct":100},"functions":{"total":1,"covered":1,"skipped":0,"pct":100},"statements":{"total":27,"covered":27,"skipped":0,"pct":100},"branches":{"total":1,"covered":1,"skipped":0,"pct":100}}
,"/home/runner/work/saasquatch/saasquatch/src/components/SalesSidebar.tsx": {"lines":{"total":240,"covered":225,"skipped":0,"pct":93.75},"functions":{"total":8,"covered":4,"skipped":0,"pct":50},"statements":{"total":240,"covered":225,"skipped":0,"pct":93.75},"branches":{"total":22,"covered":15,"skipped":0,"pct":68.18}}
,"/home/runner/work/saasquatch/saasquatch/src/components/SubscriptionCard.tsx": {"lines":{"total":131,"covered":131,"skipped":0,"pct":100},"functions":{"total":6,"covered":6,"skipped":0,"pct":100},"statements":{"total":131,"covered":131,"skipped":0,"pct":100},"branches":{"total":14,"covered":13,"skipped":0,"pct":92.85}}
,"/home/runner/work/saasquatch/saasquatch/src/components/SupportHeader.tsx": {"lines":{"total":38,"covered":38,"skipped":0,"pct":100},"functions":{"total":2,"covered":2,"skipped":0,"pct":100},"statements":{"total":38,"covered":38,"skipped":0,"pct":100},"branches":{"total":2,"covered":2,"skipped":0,"pct":100}}
,"/home/runner/work/saasquatch/saasquatch/src/components/SupportSidebar.tsx": {"lines":{"total":170,"covered":157,"skipped":0,"pct":92.35},"functions":{"total":8,"covered":4,"skipped":0,"pct":50},"statements":{"total":170,"covered":157,"skipped":0,"pct":92.35},"branches":{"total":20,"covered":13,"skipped":0,"pct":65}}
,"/home/runner/work/saasquatch/saasquatch/src/components/TicketVolumeChart.tsx": {"lines":{"total":42,"covered":42,"skipped":0,"pct":100},"functions":{"total":1,"covered":1,"skipped":0,"pct":100},"statements":{"total":42,"covered":42,"skipped":0,"pct":100},"branches":{"total":1,"covered":1,"skipped":0,"pct":100}}
,"/home/runner/work/saasquatch/saasquatch/src/components/TrafficSourcesChart.tsx": {"lines":{"total":61,"covered":58,"skipped":0,"pct":95.08},"functions":{"total":2,"covered":1,"skipped":0,"pct":50},"statements":{"total":61,"covered":58,"skipped":0,"pct":95.08},"branches":{"total":1,"covered":1,"skipped":0,"pct":100}}
,"/home/runner/work/saasquatch/saasquatch/src/components/demo.FormComponents.tsx": {"lines":{"total":199,"covered":165,"skipped":0,"pct":82.91},"functions":{"total":14,"covered":11,"skipped":0,"pct":78.57},"statements":{"total":199,"covered":165,"skipped":0,"pct":82.91},"branches":{"total":33,"covered":29,"skipped":0,"pct":87.87}}
,"/home/runner/work/saasquatch/saasquatch/src/data/knowledge.ts": {"lines":{"total":225,"covered":191,"skipped":0,"pct":84.88},"functions":{"total":9,"covered":9,"skipped":0,"pct":100},"statements":{"total":225,"covered":191,"skipped":0,"pct":84.88},"branches":{"total":55,"covered":35,"skipped":0,"pct":63.63}}
,"/home/runner/work/saasquatch/saasquatch/src/data/members.ts": {"lines":{"total":120,"covered":120,"skipped":0,"pct":100},"functions":{"total":2,"covered":2,"skipped":0,"pct":100},"statements":{"total":120,"covered":120,"skipped":0,"pct":100},"branches":{"total":17,"covered":16,"skipped":0,"pct":94.11}}
,"/home/runner/work/saasquatch/saasquatch/src/data/products.ts": {"lines":{"total":242,"covered":140,"skipped":0,"pct":57.85},"functions":{"total":10,"covered":7,"skipped":0,"pct":70},"statements":{"total":242,"covered":140,"skipped":0,"pct":57.85},"branches":{"total":30,"covered":15,"skipped":0,"pct":50}}
,"/home/runner/work/saasquatch/saasquatch/src/data/tickets.ts": {"lines":{"total":231,"covered":229,"skipped":0,"pct":99.13},"functions":{"total":7,"covered":7,"skipped":0,"pct":100},"statements":{"total":231,"covered":229,"skipped":0,"pct":99.13},"branches":{"total":56,"covered":50,"skipped":0,"pct":89.28}}
,"/home/runner/work/saasquatch/saasquatch/src/lib/form-utils.ts": {"lines":{"total":5,"covered":5,"skipped":0,"pct":100},"functions":{"total":1,"covered":1,"skipped":0,"pct":100},"statements":{"total":5,"covered":5,"skipped":0,"pct":100},"branches":{"total":1,"covered":1,"skipped":0,"pct":100}}
,"/home/runner/work/saasquatch/saasquatch/src/lib/slug-utils.ts": {"lines":{"total":9,"covered":9,"skipped":0,"pct":100},"functions":{"total":1,"covered":1,"skipped":0,"pct":100},"statements":{"total":9,"covered":9,"skipped":0,"pct":100},"branches":{"total":1,"covered":1,"skipped":0,"pct":100}}
,"/home/runner/work/saasquatch/saasquatch/src/lib/utils.ts": {"lines":{"total":5,"covered":5,"skipped":0,"pct":100},"functions":{"total":1,"covered":1,"skipped":0,"pct":100},"statements":{"total":5,"covered":5,"skipped":0,"pct":100},"branches":{"total":1,"covered":1,"skipped":0,"pct":100}}
}
